PlaySnap Application/app/build/intermediates/manifest_merge_blame_file/debug/manifest-merger-blame-debug-report.txt
1<?xml version="1.0" encoding="utf-8"?>
2<manifest xmlns:android="http://schemas.android.com/apk/res/android"
3    package="com.example.playsnapui"
4    android:versionCode="1"
5    android:versionName="1.0" >
6
7    <uses-sdk
8        android:minSdkVersion="24"
9        android:targetSdkVersion="34" />
10
11    <uses-permission android:name="android.permission.INTERNET" />
11-->src\main\AndroidManifest.xml:5:5-66
11-->src\main\AndroidManifest.xml:5:22-64
12
13    <uses-feature android:name="android.hardware.camera.any" />
13-->src\main\AndroidManifest.xml:7:5-64
13-->src\main\AndroidManifest.xml:7:19-61
14
15    <uses-permission android:name="android.permission.CAMERA" />
15-->src\main\AndroidManifest.xml:9:5-65
15-->src\main\AndroidManifest.xml:9:22-62
16    <uses-permission
16-->src\main\AndroidManifest.xml:10:5-12:38
17        android:name="android.permission.WRITE_EXTERNAL_STORAGE"
17-->src\main\AndroidManifest.xml:11:9-65
18        android:maxSdkVersion="34" />
18-->src\main\AndroidManifest.xml:12:9-35
19    <uses-permission android:name="android.permission.ACCESS_NETWORK_STATE" />
19-->[com.google.firebase:firebase-auth:21.3.0] AndroidManifest.xml:26:5-79
19-->[com.google.firebase:firebase-auth:21.3.0] AndroidManifest.xml:26:22-76
20    <uses-permission android:name="android.permission.WAKE_LOCK" />
20-->[com.google.android.gms:play-services-measurement:21.2.2] AndroidManifest.xml:25:5-68
20-->[com.google.android.gms:play-services-measurement:21.2.2] AndroidManifest.xml:25:22-65
21    <uses-permission android:name="com.google.android.finsky.permission.BIND_GET_INSTALL_REFERRER_SERVICE" />
21-->[com.google.android.gms:play-services-measurement:21.2.2] AndroidManifest.xml:26:5-110
21-->[com.google.android.gms:play-services-measurement:21.2.2] AndroidManifest.xml:26:22-107
22    <uses-permission android:name="com.google.android.gms.permission.AD_ID" />
22-->[com.google.android.gms:play-services-measurement-api:21.2.2] AndroidManifest.xml:25:5-79
22-->[com.google.android.gms:play-services-measurement-api:21.2.2] AndroidManifest.xml:25:22-76
23
24    <permission
24-->[androidx.core:core:1.13.0] AndroidManifest.xml:22:5-24:47
25        android:name="com.example.playsnapui.DYNAMIC_RECEIVER_NOT_EXPORTED_PERMISSION"
25-->[androidx.core:core:1.13.0] AndroidManifest.xml:23:9-81
26        android:protectionLevel="signature" />
26-->[androidx.core:core:1.13.0] AndroidManifest.xml:24:9-44
27
28    <uses-permission android:name="com.example.playsnapui.DYNAMIC_RECEIVER_NOT_EXPORTED_PERMISSION" />
28-->[androidx.core:core:1.13.0] AndroidManifest.xml:26:5-97
28-->[androidx.core:core:1.13.0] AndroidManifest.xml:26:22-94
29
30    <application
30-->src\main\AndroidManifest.xml:14:5-50:19
31        android:name="com.example.playsnapui.MyApplication"
31-->src\main\AndroidManifest.xml:23:9-38
32        android:allowBackup="true"
32-->src\main\AndroidManifest.xml:15:9-35
33        android:appComponentFactory="androidx.core.app.CoreComponentFactory"
33-->[androidx.core:core:1.13.0] AndroidManifest.xml:28:18-86
34        android:dataExtractionRules="@xml/data_extraction_rules"
34-->src\main\AndroidManifest.xml:16:9-65
35        android:debuggable="true"
36        android:extractNativeLibs="false"
37        android:fullBackupContent="@xml/backup_rules"
37-->src\main\AndroidManifest.xml:17:9-54
38        android:icon="@drawable/playsnaplogo"
38-->src\main\AndroidManifest.xml:18:9-46
39        android:label="PlaySnap"
39-->src\main\AndroidManifest.xml:19:9-33
40        android:roundIcon="@drawable/playsnaplogo"
40-->src\main\AndroidManifest.xml:20:9-51
41        android:supportsRtl="true"
41-->src\main\AndroidManifest.xml:21:9-35
42        android:testOnly="true"
43        android:theme="@style/Theme.PlaySnapUI" >
43-->src\main\AndroidManifest.xml:24:9-48
44
45        <!-- SplashActivity as the launcher activity -->
46        <activity
46-->src\main\AndroidManifest.xml:29:9-37:20
47            android:name="com.example.playsnapui.SplashActivity"
47-->src\main\AndroidManifest.xml:30:13-43
48            android:exported="true"
48-->src\main\AndroidManifest.xml:32:13-36
49            android:theme="@style/Theme.PlaySnapUI.Splash" >
49-->src\main\AndroidManifest.xml:31:13-59
50            <intent-filter>
50-->src\main\AndroidManifest.xml:33:13-36:29
51                <action android:name="android.intent.action.MAIN" />
51-->src\main\AndroidManifest.xml:34:17-69
51-->src\main\AndroidManifest.xml:34:25-66
52
53                <category android:name="android.intent.category.LAUNCHER" />
53-->src\main\AndroidManifest.xml:35:17-77
53-->src\main\AndroidManifest.xml:35:27-74
54            </intent-filter>
55        </activity>
56
57        <!-- AuthActivity -->
58        <activity
58-->src\main\AndroidManifest.xml:41:9-43:40
59            android:name="com.example.playsnapui.AuthActivity"
59-->src\main\AndroidManifest.xml:42:13-41
60            android:exported="false" />
60-->src\main\AndroidManifest.xml:43:13-37
61
62        <!-- HomeActivity -->
63        <activity
63-->src\main\AndroidManifest.xml:46:9-48:40
64            android:name="com.example.playsnapui.HomeActivity"
64-->src\main\AndroidManifest.xml:47:13-41
65            android:exported="false" />
65-->src\main\AndroidManifest.xml:48:13-37
66
67        <service
67-->[androidx.camera:camera-camera2:1.4.1] AndroidManifest.xml:24:9-33:19
68            android:name="androidx.camera.core.impl.MetadataHolderService"
68-->[androidx.camera:camera-camera2:1.4.1] AndroidManifest.xml:25:13-75
69            android:enabled="false"
69-->[androidx.camera:camera-camera2:1.4.1] AndroidManifest.xml:26:13-36
70            android:exported="false" >
70-->[androidx.camera:camera-camera2:1.4.1] AndroidManifest.xml:27:13-37
71            <meta-data
71-->[androidx.camera:camera-camera2:1.4.1] AndroidManifest.xml:30:13-32:89
72                android:name="androidx.camera.core.impl.MetadataHolderService.DEFAULT_CONFIG_PROVIDER"
72-->[androidx.camera:camera-camera2:1.4.1] AndroidManifest.xml:31:17-103
73                android:value="androidx.camera.camera2.Camera2Config$DefaultProvider" />
73-->[androidx.camera:camera-camera2:1.4.1] AndroidManifest.xml:32:17-86
74        </service>
75
76        <activity
76-->[com.google.firebase:firebase-auth:21.3.0] AndroidManifest.xml:29:9-46:20
77            android:name="com.google.firebase.auth.internal.GenericIdpActivity"
77-->[com.google.firebase:firebase-auth:21.3.0] AndroidManifest.xml:30:13-80
78            android:excludeFromRecents="true"
78-->[com.google.firebase:firebase-auth:21.3.0] AndroidManifest.xml:31:13-46
79            android:exported="true"
79-->[com.google.firebase:firebase-auth:21.3.0] AndroidManifest.xml:32:13-36
80            android:launchMode="singleTask"
80-->[com.google.firebase:firebase-auth:21.3.0] AndroidManifest.xml:33:13-44
81            android:theme="@android:style/Theme.Translucent.NoTitleBar" >
81-->[com.google.firebase:firebase-auth:21.3.0] AndroidManifest.xml:34:13-72
82            <intent-filter>
82-->[com.google.firebase:firebase-auth:21.3.0] AndroidManifest.xml:35:13-45:29
83                <action android:name="android.intent.action.VIEW" />
83-->[com.google.firebase:firebase-auth:21.3.0] AndroidManifest.xml:36:17-69
83-->[com.google.firebase:firebase-auth:21.3.0] AndroidManifest.xml:36:25-66
84
85                <category android:name="android.intent.category.DEFAULT" />
85-->[com.google.firebase:firebase-auth:21.3.0] AndroidManifest.xml:38:17-76
85-->[com.google.firebase:firebase-auth:21.3.0] AndroidManifest.xml:38:27-73
86                <category android:name="android.intent.category.BROWSABLE" />
86-->[com.google.firebase:firebase-auth:21.3.0] AndroidManifest.xml:39:17-78
86-->[com.google.firebase:firebase-auth:21.3.0] AndroidManifest.xml:39:27-75
87
88                <data
88-->[com.google.firebase:firebase-auth:21.3.0] AndroidManifest.xml:41:17-44:51
89                    android:host="firebase.auth"
89-->[com.google.firebase:firebase-auth:21.3.0] AndroidManifest.xml:42:21-49
90                    android:path="/"
90-->[com.google.firebase:firebase-auth:21.3.0] AndroidManifest.xml:43:21-37
91                    android:scheme="genericidp" />
91-->[com.google.firebase:firebase-auth:21.3.0] AndroidManifest.xml:44:21-48
92            </intent-filter>
93        </activity>
94        <activity
94-->[com.google.firebase:firebase-auth:21.3.0] AndroidManifest.xml:47:9-64:20
95            android:name="com.google.firebase.auth.internal.RecaptchaActivity"
95-->[com.google.firebase:firebase-auth:21.3.0] AndroidManifest.xml:48:13-79
96            android:excludeFromRecents="true"
96-->[com.google.firebase:firebase-auth:21.3.0] AndroidManifest.xml:49:13-46
97            android:exported="true"
97-->[com.google.firebase:firebase-auth:21.3.0] AndroidManifest.xml:50:13-36
98            android:launchMode="singleTask"
98-->[com.google.firebase:firebase-auth:21.3.0] AndroidManifest.xml:51:13-44
99            android:theme="@android:style/Theme.Translucent.NoTitleBar" >
99-->[com.google.firebase:firebase-auth:21.3.0] AndroidManifest.xml:52:13-72
100            <intent-filter>
100-->[com.google.firebase:firebase-auth:21.3.0] AndroidManifest.xml:53:13-63:29
101                <action android:name="android.intent.action.VIEW" />
101-->[com.google.firebase:firebase-auth:21.3.0] AndroidManifest.xml:36:17-69
101-->[com.google.firebase:firebase-auth:21.3.0] AndroidManifest.xml:36:25-66
102
103                <category android:name="android.intent.category.DEFAULT" />
103-->[com.google.firebase:firebase-auth:21.3.0] AndroidManifest.xml:38:17-76
103-->[com.google.firebase:firebase-auth:21.3.0] AndroidManifest.xml:38:27-73
104                <category android:name="android.intent.category.BROWSABLE" />
104-->[com.google.firebase:firebase-auth:21.3.0] AndroidManifest.xml:39:17-78
104-->[com.google.firebase:firebase-auth:21.3.0] AndroidManifest.xml:39:27-75
105
106                <data
106-->[com.google.firebase:firebase-auth:21.3.0] AndroidManifest.xml:41:17-44:51
107                    android:host="firebase.auth"
107-->[com.google.firebase:firebase-auth:21.3.0] AndroidManifest.xml:42:21-49
108                    android:path="/"
108-->[com.google.firebase:firebase-auth:21.3.0] AndroidManifest.xml:43:21-37
109                    android:scheme="recaptcha" />
109-->[com.google.firebase:firebase-auth:21.3.0] AndroidManifest.xml:44:21-48
110            </intent-filter>
111        </activity>
112
113        <service
113-->[com.google.firebase:firebase-auth:21.3.0] AndroidManifest.xml:66:9-72:19
114            android:name="com.google.firebase.components.ComponentDiscoveryService"
114-->[com.google.firebase:firebase-auth:21.3.0] AndroidManifest.xml:67:13-84
115            android:directBootAware="true"
115-->[com.google.firebase:firebase-common:20.3.2] AndroidManifest.xml:34:13-43
116            android:exported="false" >
116-->[com.google.firebase:firebase-auth:21.3.0] AndroidManifest.xml:68:13-37
117            <meta-data
117-->[com.google.firebase:firebase-auth:21.3.0] AndroidManifest.xml:69:13-71:85
118                android:name="com.google.firebase.components:com.google.firebase.auth.FirebaseAuthRegistrar"
118-->[com.google.firebase:firebase-auth:21.3.0] AndroidManifest.xml:70:17-109
119                android:value="com.google.firebase.components.ComponentRegistrar" />
119-->[com.google.firebase:firebase-auth:21.3.0] AndroidManifest.xml:71:17-82
120            <meta-data
120-->[com.google.firebase:firebase-firestore:24.5.0] AndroidManifest.xml:19:13-21:85
121                android:name="com.google.firebase.components:com.google.firebase.firestore.FirestoreRegistrar"
121-->[com.google.firebase:firebase-firestore:24.5.0] AndroidManifest.xml:20:17-111
122                android:value="com.google.firebase.components.ComponentRegistrar" />
122-->[com.google.firebase:firebase-firestore:24.5.0] AndroidManifest.xml:21:17-82
123            <meta-data
123-->[com.google.android.gms:play-services-measurement-api:21.2.2] AndroidManifest.xml:31:13-33:85
124                android:name="com.google.firebase.components:com.google.firebase.analytics.connector.internal.AnalyticsConnectorRegistrar"
124-->[com.google.android.gms:play-services-measurement-api:21.2.2] AndroidManifest.xml:32:17-139
125                android:value="com.google.firebase.components.ComponentRegistrar" />
125-->[com.google.android.gms:play-services-measurement-api:21.2.2] AndroidManifest.xml:33:17-82
126            <meta-data
126-->[com.google.firebase:firebase-installations:17.1.3] AndroidManifest.xml:17:13-19:85
127                android:name="com.google.firebase.components:com.google.firebase.installations.FirebaseInstallationsRegistrar"
127-->[com.google.firebase:firebase-installations:17.1.3] AndroidManifest.xml:18:17-127
128                android:value="com.google.firebase.components.ComponentRegistrar" />
128-->[com.google.firebase:firebase-installations:17.1.3] AndroidManifest.xml:19:17-82
129        </service>
130
131        <receiver
131-->[com.google.android.gms:play-services-measurement:21.2.2] AndroidManifest.xml:29:9-33:20
132            android:name="com.google.android.gms.measurement.AppMeasurementReceiver"
132-->[com.google.android.gms:play-services-measurement:21.2.2] AndroidManifest.xml:30:13-85
133            android:enabled="true"
133-->[com.google.android.gms:play-services-measurement:21.2.2] AndroidManifest.xml:31:13-35
134            android:exported="false" >
134-->[com.google.android.gms:play-services-measurement:21.2.2] AndroidManifest.xml:32:13-37
135        </receiver>
136
137        <service
137-->[com.google.android.gms:play-services-measurement:21.2.2] AndroidManifest.xml:35:9-38:40
138            android:name="com.google.android.gms.measurement.AppMeasurementService"
138-->[com.google.android.gms:play-services-measurement:21.2.2] AndroidManifest.xml:36:13-84
139            android:enabled="true"
139-->[com.google.android.gms:play-services-measurement:21.2.2] AndroidManifest.xml:37:13-35
140            android:exported="false" />
140-->[com.google.android.gms:play-services-measurement:21.2.2] AndroidManifest.xml:38:13-37
141        <service
141-->[com.google.android.gms:play-services-measurement:21.2.2] AndroidManifest.xml:39:9-43:72
142            android:name="com.google.android.gms.measurement.AppMeasurementJobService"
142-->[com.google.android.gms:play-services-measurement:21.2.2] AndroidManifest.xml:40:13-87
143            android:enabled="true"
143-->[com.google.android.gms:play-services-measurement:21.2.2] AndroidManifest.xml:41:13-35
144            android:exported="false"
144-->[com.google.android.gms:play-services-measurement:21.2.2] AndroidManifest.xml:42:13-37
145            android:permission="android.permission.BIND_JOB_SERVICE" />
145-->[com.google.android.gms:play-services-measurement:21.2.2] AndroidManifest.xml:43:13-69
146
147        <provider
147-->[com.google.firebase:firebase-common:20.3.2] AndroidManifest.xml:25:9-30:39
148            android:name="com.google.firebase.provider.FirebaseInitProvider"
148-->[com.google.firebase:firebase-common:20.3.2] AndroidManifest.xml:26:13-77
149            android:authorities="com.example.playsnapui.firebaseinitprovider"
149-->[com.google.firebase:firebase-common:20.3.2] AndroidManifest.xml:27:13-72
150            android:directBootAware="true"
150-->[com.google.firebase:firebase-common:20.3.2] AndroidManifest.xml:28:13-43
151            android:exported="false"
151-->[com.google.firebase:firebase-common:20.3.2] AndroidManifest.xml:29:13-37
152            android:initOrder="100" />
152-->[com.google.firebase:firebase-common:20.3.2] AndroidManifest.xml:30:13-36
153
154        <activity
154-->[com.google.android.gms:play-services-base:18.0.1] AndroidManifest.xml:20:9-22:45
155            android:name="com.google.android.gms.common.api.GoogleApiActivity"
155-->[com.google.android.gms:play-services-base:18.0.1] AndroidManifest.xml:20:19-85
156            android:exported="false"
156-->[com.google.android.gms:play-services-base:18.0.1] AndroidManifest.xml:22:19-43
157            android:theme="@android:style/Theme.Translucent.NoTitleBar" />
157-->[com.google.android.gms:play-services-base:18.0.1] AndroidManifest.xml:21:19-78
158        <activity
158-->[androidx.compose.ui:ui-test-manifest:1.4.0] AndroidManifest.xml:23:9-25:39
159            android:name="androidx.activity.ComponentActivity"
159-->[androidx.compose.ui:ui-test-manifest:1.4.0] AndroidManifest.xml:24:13-63
160            android:exported="true" />
160-->[androidx.compose.ui:ui-test-manifest:1.4.0] AndroidManifest.xml:25:13-36
161        <activity
161-->[androidx.compose.ui:ui-tooling:1.4.0] AndroidManifest.xml:23:9-25:39
162            android:name="androidx.compose.ui.tooling.PreviewActivity"
162-->[androidx.compose.ui:ui-tooling:1.4.0] AndroidManifest.xml:24:13-71
163            android:exported="true" />
163-->[androidx.compose.ui:ui-tooling:1.4.0] AndroidManifest.xml:25:13-36
164
165        <provider
165-->[androidx.emoji2:emoji2:1.3.0] AndroidManifest.xml:24:9-32:20
166            android:name="androidx.startup.InitializationProvider"
166-->[androidx.emoji2:emoji2:1.3.0] AndroidManifest.xml:25:13-67
167            android:authorities="com.example.playsnapui.androidx-startup"
167-->[androidx.emoji2:emoji2:1.3.0] AndroidManifest.xml:26:13-68
168            android:exported="false" >
168-->[androidx.emoji2:emoji2:1.3.0] AndroidManifest.xml:27:13-37
169            <meta-data
169-->[androidx.emoji2:emoji2:1.3.0] AndroidManifest.xml:29:13-31:52
170                android:name="androidx.emoji2.text.EmojiCompatInitializer"
170-->[androidx.emoji2:emoji2:1.3.0] AndroidManifest.xml:30:17-75
171                android:value="androidx.startup" />
171-->[androidx.emoji2:emoji2:1.3.0] AndroidManifest.xml:31:17-49
172            <meta-data
172-->[androidx.lifecycle:lifecycle-process:2.8.7] AndroidManifest.xml:29:13-31:52
173                android:name="androidx.lifecycle.ProcessLifecycleInitializer"
173-->[androidx.lifecycle:lifecycle-process:2.8.7] AndroidManifest.xml:30:17-78
174                android:value="androidx.startup" />
174-->[androidx.lifecycle:lifecycle-process:2.8.7] AndroidManifest.xml:31:17-49
175            <meta-data
175-->[androidx.profileinstaller:profileinstaller:1.4.0] AndroidManifest.xml:29:13-31:52
176                android:name="androidx.profileinstaller.ProfileInstallerInitializer"
176-->[androidx.profileinstaller:profileinstaller:1.4.0] AndroidManifest.xml:30:17-85
177                android:value="androidx.startup" />
177-->[androidx.profileinstaller:profileinstaller:1.4.0] AndroidManifest.xml:31:17-49
178        </provider>
179
180        <uses-library
180-->[androidx.window:window:1.0.0] AndroidManifest.xml:25:9-27:40
181            android:name="androidx.window.extensions"
181-->[androidx.window:window:1.0.0] AndroidManifest.xml:26:13-54
182            android:required="false" />
182-->[androidx.window:window:1.0.0] AndroidManifest.xml:27:13-37
183        <uses-library
183-->[androidx.window:window:1.0.0] AndroidManifest.xml:28:9-30:40
184            android:name="androidx.window.sidecar"
184-->[androidx.window:window:1.0.0] AndroidManifest.xml:29:13-51
185            android:required="false" />
185-->[androidx.window:window:1.0.0] AndroidManifest.xml:30:13-37
186
187        <meta-data
187-->[com.google.android.gms:play-services-basement:18.1.0] AndroidManifest.xml:21:9-23:69
188            android:name="com.google.android.gms.version"
188-->[com.google.android.gms:play-services-basement:18.1.0] AndroidManifest.xml:22:13-58
189            android:value="@integer/google_play_services_version" />
189-->[com.google.android.gms:play-services-basement:18.1.0] AndroidManifest.xml:23:13-66
190
191        <receiver
191-->[androidx.profileinstaller:profileinstaller:1.4.0] AndroidManifest.xml:34:9-52:20
192            android:name="androidx.profileinstaller.ProfileInstallReceiver"
192-->[androidx.profileinstaller:profileinstaller:1.4.0] AndroidManifest.xml:35:13-76
193            android:directBootAware="false"
193-->[androidx.profileinstaller:profileinstaller:1.4.0] AndroidManifest.xml:36:13-44
194            android:enabled="true"
194-->[androidx.profileinstaller:profileinstaller:1.4.0] AndroidManifest.xml:37:13-35
195            android:exported="true"
195-->[androidx.profileinstaller:profileinstaller:1.4.0] AndroidManifest.xml:38:13-36
196            android:permission="android.permission.DUMP" >
196-->[androidx.profileinstaller:profileinstaller:1.4.0] AndroidManifest.xml:39:13-57
197            <intent-filter>
197-->[androidx.profileinstaller:profileinstaller:1.4.0] AndroidManifest.xml:40:13-42:29
198                <action android:name="androidx.profileinstaller.action.INSTALL_PROFILE" />
198-->[androidx.profileinstaller:profileinstaller:1.4.0] AndroidManifest.xml:41:17-91
198-->[androidx.profileinstaller:profileinstaller:1.4.0] AndroidManifest.xml:41:25-88
199            </intent-filter>
200            <intent-filter>
200-->[androidx.profileinstaller:profileinstaller:1.4.0] AndroidManifest.xml:43:13-45:29
201                <action android:name="androidx.profileinstaller.action.SKIP_FILE" />
201-->[androidx.profileinstaller:profileinstaller:1.4.0] AndroidManifest.xml:44:17-85
201-->[androidx.profileinstaller:profileinstaller:1.4.0] AndroidManifest.xml:44:25-82
202            </intent-filter>
203            <intent-filter>
203-->[androidx.profileinstaller:profileinstaller:1.4.0] AndroidManifest.xml:46:13-48:29
204                <action android:name="androidx.profileinstaller.action.SAVE_PROFILE" />
204-->[androidx.profileinstaller:profileinstaller:1.4.0] AndroidManifest.xml:47:17-88
204-->[androidx.profileinstaller:profileinstaller:1.4.0] AndroidManifest.xml:47:25-85
205            </intent-filter>
206            <intent-filter>
206-->[androidx.profileinstaller:profileinstaller:1.4.0] AndroidManifest.xml:49:13-51:29
207                <action android:name="androidx.profileinstaller.action.BENCHMARK_OPERATION" />
207-->[androidx.profileinstaller:profileinstaller:1.4.0] AndroidManifest.xml:50:17-95
207-->[androidx.profileinstaller:profileinstaller:1.4.0] AndroidManifest.xml:50:25-92
208            </intent-filter>
209        </receiver>
210    </application>
211
212</manifest>